0 info it worked if it ends with ok
1 verbose cli [ '/home/vagrant/.nvm/v6.0.0/bin/node',
1 verbose cli   '/home/vagrant/.nvm/v6.0.0/bin/npm',
1 verbose cli   'install' ]
2 info using npm@3.8.6
3 info using node@v6.0.0
4 silly loadCurrentTree Starting
5 silly install loadCurrentTree
6 silly install readLocalPackageData
7 silly install normalizeTree
8 silly loadCurrentTree Finishing
9 silly loadIdealTree Starting
10 silly install loadIdealTree
11 silly cloneCurrentTree Starting
12 silly install cloneCurrentTreeToIdealTree
13 silly cloneCurrentTree Finishing
14 silly loadShrinkwrap Starting
15 silly install loadShrinkwrap
16 silly loadShrinkwrap Finishing
17 silly loadAllDepsIntoIdealTree Starting
18 silly install loadAllDepsIntoIdealTree
19 silly fetchNamedPackageData JSONStream
20 silly mapToRegistry name JSONStream
21 silly mapToRegistry using default registry
22 silly mapToRegistry registry https://registry.npmjs.org/
23 silly mapToRegistry data Result {
23 silly mapToRegistry   raw: 'JSONStream',
23 silly mapToRegistry   scope: null,
23 silly mapToRegistry   name: 'JSONStream',
23 silly mapToRegistry   rawSpec: '',
23 silly mapToRegistry   spec: 'latest',
23 silly mapToRegistry   type: 'tag' }
24 silly mapToRegistry uri https://registry.npmjs.org/JSONStream
25 verbose request uri https://registry.npmjs.org/JSONStream
26 verbose request no auth needed
27 info attempt registry request try #1 at 4:09:19 PM
28 verbose request using bearer token for auth
29 verbose request id ed935b1943023299
30 verbose etag "EOK6ZUJ64N9MAX61SEIV3N6BK"
31 http request GET https://registry.npmjs.org/JSONStream
32 http 304 https://registry.npmjs.org/JSONStream
33 verbose headers { 'cache-control': 'max-age=300',
33 verbose headers   'accept-ranges': 'bytes',
33 verbose headers   date: 'Mon, 18 Jul 2016 16:11:44 GMT',
33 verbose headers   via: '1.1 varnish',
33 verbose headers   connection: 'keep-alive',
33 verbose headers   'x-served-by': 'cache-jfk1048-JFK',
33 verbose headers   'x-cache': 'MISS',
33 verbose headers   'x-cache-hits': '0',
33 verbose headers   'x-timer': 'S1468858303.612799,VS0,VE399',
33 verbose headers   vary: 'Accept-Encoding' }
34 silly get cb [ 304,
34 silly get   { 'cache-control': 'max-age=300',
34 silly get     'accept-ranges': 'bytes',
34 silly get     date: 'Mon, 18 Jul 2016 16:11:44 GMT',
34 silly get     via: '1.1 varnish',
34 silly get     connection: 'keep-alive',
34 silly get     'x-served-by': 'cache-jfk1048-JFK',
34 silly get     'x-cache': 'MISS',
34 silly get     'x-cache-hits': '0',
34 silly get     'x-timer': 'S1468858303.612799,VS0,VE399',
34 silly get     vary: 'Accept-Encoding' } ]
35 verbose etag https://registry.npmjs.org/JSONStream from cache
36 verbose get saving JSONStream to /home/vagrant/.npm/registry.npmjs.org/JSONStream/.cache.json
37 verbose correctMkdir /home/vagrant/.npm correctMkdir not in flight; initializing
38 silly resolveWithNewModule JSONStream@1.1.3 checking installable status
39 silly cache add args [ 'JSONStream@^1.1.1', null ]
40 verbose cache add spec JSONStream@^1.1.1
41 silly cache add parsed spec Result {
41 silly cache add   raw: 'JSONStream@^1.1.1',
41 silly cache add   scope: null,
41 silly cache add   name: 'JSONStream',
41 silly cache add   rawSpec: '^1.1.1',
41 silly cache add   spec: '>=1.1.1 <2.0.0',
41 silly cache add   type: 'range' }
42 silly addNamed JSONStream@>=1.1.1 <2.0.0
43 verbose addNamed ">=1.1.1 <2.0.0" is a valid semver range for JSONStream
44 silly addNameRange { name: 'JSONStream', range: '>=1.1.1 <2.0.0', hasData: false }
45 silly mapToRegistry name JSONStream
46 silly mapToRegistry using default registry
47 silly mapToRegistry registry https://registry.npmjs.org/
48 silly mapToRegistry data Result {
48 silly mapToRegistry   raw: 'JSONStream',
48 silly mapToRegistry   scope: null,
48 silly mapToRegistry   name: 'JSONStream',
48 silly mapToRegistry   rawSpec: '',
48 silly mapToRegistry   spec: 'latest',
48 silly mapToRegistry   type: 'tag' }
49 silly mapToRegistry uri https://registry.npmjs.org/JSONStream
50 verbose addNameRange registry:https://registry.npmjs.org/JSONStream not in flight; fetching
51 verbose get https://registry.npmjs.org/JSONStream not expired, no request
52 silly addNameRange number 2 { name: 'JSONStream', range: '>=1.1.1 <2.0.0', hasData: true }
53 silly addNameRange versions [ 'JSONStream',
53 silly addNameRange   [ '0.0.0',
53 silly addNameRange     '0.1.0',
53 silly addNameRange     '0.1.1',
53 silly addNameRange     '0.1.2',
53 silly addNameRange     '0.1.3',
53 silly addNameRange     '0.2.0',
53 silly addNameRange     '0.2.1',
53 silly addNameRange     '0.2.2',
53 silly addNameRange     '0.2.3',
53 silly addNameRange     '0.3.0',
53 silly addNameRange     '0.3.1',
53 silly addNameRange     '0.3.2',
53 silly addNameRange     '0.3.3',
53 silly addNameRange     '0.4.0',
53 silly addNameRange     '0.4.1',
53 silly addNameRange     '0.4.2',
53 silly addNameRange     '0.4.3',
53 silly addNameRange     '0.4.4',
53 silly addNameRange     '0.5.0',
53 silly addNameRange     '0.6.0',
53 silly addNameRange     '0.6.1',
53 silly addNameRange     '0.6.2',
53 silly addNameRange     '0.6.3',
53 silly addNameRange     '0.6.4',
53 silly addNameRange     '0.7.0',
53 silly addNameRange     '0.7.1',
53 silly addNameRange     '0.8.0',
53 silly addNameRange     '0.7.2',
53 silly addNameRange     '0.7.3',
53 silly addNameRange     '0.7.4',
53 silly addNameRange     '0.8.1',
53 silly addNameRange     '0.8.2',
53 silly addNameRange     '0.8.3',
53 silly addNameRange     '0.8.4',
53 silly addNameRange     '0.9.0',
53 silly addNameRange     '0.10.0',
53 silly addNameRange     '1.0.2',
53 silly addNameRange     '1.0.3',
53 silly addNameRange     '1.0.4',
53 silly addNameRange     '1.0.5',
53 silly addNameRange     '1.0.6',
53 silly addNameRange     '1.0.7',
53 silly addNameRange     '1.1.1',
53 silly addNameRange     '1.1.2',
53 silly addNameRange     '1.1.3' ] ]
54 silly addNamed JSONStream@1.1.3
55 verbose addNamed "1.1.3" is a plain semver version for JSONStream
56 silly cache afterAdd JSONStream@1.1.3
57 verbose afterAdd /home/vagrant/.npm/JSONStream/1.1.3/package/package.json not in flight; writing
58 verbose correctMkdir /home/vagrant/.npm correctMkdir not in flight; initializing
59 verbose afterAdd /home/vagrant/.npm/JSONStream/1.1.3/package/package.json written
60 silly fetchNamedPackageData jsonparse
61 silly mapToRegistry name jsonparse
62 silly mapToRegistry using default registry
63 silly mapToRegistry registry https://registry.npmjs.org/
64 silly mapToRegistry data Result {
64 silly mapToRegistry   raw: 'jsonparse',
64 silly mapToRegistry   scope: null,
64 silly mapToRegistry   name: 'jsonparse',
64 silly mapToRegistry   rawSpec: '',
64 silly mapToRegistry   spec: 'latest',
64 silly mapToRegistry   type: 'tag' }
65 silly mapToRegistry uri https://registry.npmjs.org/jsonparse
66 verbose request uri https://registry.npmjs.org/jsonparse
67 verbose request no auth needed
68 info attempt registry request try #1 at 4:09:19 PM
69 verbose request using bearer token for auth
70 verbose etag "E1J552QHWOXM07I3YNBFR5T4Q"
71 http request GET https://registry.npmjs.org/jsonparse
72 http 304 https://registry.npmjs.org/jsonparse
73 verbose headers { 'cache-control': 'max-age=300',
73 verbose headers   'accept-ranges': 'bytes',
73 verbose headers   date: 'Mon, 18 Jul 2016 16:11:44 GMT',
73 verbose headers   via: '1.1 varnish',
73 verbose headers   connection: 'keep-alive',
73 verbose headers   'x-served-by': 'cache-jfk1048-JFK',
73 verbose headers   'x-cache': 'MISS',
73 verbose headers   'x-cache-hits': '0',
73 verbose headers   'x-timer': 'S1468858304.148000,VS0,VE406',
73 verbose headers   vary: 'Accept-Encoding' }
74 silly get cb [ 304,
74 silly get   { 'cache-control': 'max-age=300',
74 silly get     'accept-ranges': 'bytes',
74 silly get     date: 'Mon, 18 Jul 2016 16:11:44 GMT',
74 silly get     via: '1.1 varnish',
74 silly get     connection: 'keep-alive',
74 silly get     'x-served-by': 'cache-jfk1048-JFK',
74 silly get     'x-cache': 'MISS',
74 silly get     'x-cache-hits': '0',
74 silly get     'x-timer': 'S1468858304.148000,VS0,VE406',
74 silly get     vary: 'Accept-Encoding' } ]
75 verbose etag https://registry.npmjs.org/jsonparse from cache
76 verbose get saving jsonparse to /home/vagrant/.npm/registry.npmjs.org/jsonparse/.cache.json
77 verbose correctMkdir /home/vagrant/.npm correctMkdir not in flight; initializing
78 silly resolveWithNewModule jsonparse@1.2.0 checking installable status
79 silly cache add args [ 'jsonparse@^1.1.0', null ]
80 verbose cache add spec jsonparse@^1.1.0
81 silly cache add parsed spec Result {
81 silly cache add   raw: 'jsonparse@^1.1.0',
81 silly cache add   scope: null,
81 silly cache add   name: 'jsonparse',
81 silly cache add   rawSpec: '^1.1.0',
81 silly cache add   spec: '>=1.1.0 <2.0.0',
81 silly cache add   type: 'range' }
82 silly addNamed jsonparse@>=1.1.0 <2.0.0
83 verbose addNamed ">=1.1.0 <2.0.0" is a valid semver range for jsonparse
84 silly addNameRange { name: 'jsonparse', range: '>=1.1.0 <2.0.0', hasData: false }
85 silly mapToRegistry name jsonparse
86 silly mapToRegistry using default registry
87 silly mapToRegistry registry https://registry.npmjs.org/
88 silly mapToRegistry data Result {
88 silly mapToRegistry   raw: 'jsonparse',
88 silly mapToRegistry   scope: null,
88 silly mapToRegistry   name: 'jsonparse',
88 silly mapToRegistry   rawSpec: '',
88 silly mapToRegistry   spec: 'latest',
88 silly mapToRegistry   type: 'tag' }
89 silly mapToRegistry uri https://registry.npmjs.org/jsonparse
90 verbose addNameRange registry:https://registry.npmjs.org/jsonparse not in flight; fetching
91 verbose get https://registry.npmjs.org/jsonparse not expired, no request
92 silly addNameRange number 2 { name: 'jsonparse', range: '>=1.1.0 <2.0.0', hasData: true }
93 silly addNameRange versions [ 'jsonparse',
93 silly addNameRange   [ '0.0.1',
93 silly addNameRange     '0.0.2',
93 silly addNameRange     '0.0.3',
93 silly addNameRange     '0.0.4',
93 silly addNameRange     '0.0.5',
93 silly addNameRange     '0.0.6',
93 silly addNameRange     '1.0.0',
93 silly addNameRange     '1.1.0',
93 silly addNameRange     '1.2.0' ] ]
94 silly addNamed jsonparse@1.2.0
95 verbose addNamed "1.2.0" is a plain semver version for jsonparse
96 silly cache afterAdd jsonparse@1.2.0
97 verbose afterAdd /home/vagrant/.npm/jsonparse/1.2.0/package/package.json not in flight; writing
98 verbose correctMkdir /home/vagrant/.npm correctMkdir not in flight; initializing
99 verbose afterAdd /home/vagrant/.npm/jsonparse/1.2.0/package/package.json written
100 silly loadAllDepsIntoIdealTree Finishing
101 silly idealTree:prePrune accumulate@0.0.1
101 silly idealTree:prePrune ├── buffer-shims@1.0.0
101 silly idealTree:prePrune ├── core-util-is@1.0.2
101 silly idealTree:prePrune ├── emit-stream@0.1.2
101 silly idealTree:prePrune ├── inherits@2.0.1
101 silly idealTree:prePrune ├── isarray@1.0.0
101 silly idealTree:prePrune ├── jsonparse@1.2.0
101 silly idealTree:prePrune ├── JSONStream@1.1.3
101 silly idealTree:prePrune ├── nan@2.4.0
101 silly idealTree:prePrune ├── process-nextick-args@1.0.7
101 silly idealTree:prePrune ├── readable-stream@2.1.4
101 silly idealTree:prePrune ├── stream-array@1.1.2
101 silly idealTree:prePrune ├── streaming-worker-sdk@0.9.0
101 silly idealTree:prePrune ├── streaming-worker@1.0.0
101 silly idealTree:prePrune ├── string_decoder@0.10.31
101 silly idealTree:prePrune ├── through@2.3.8
101 silly idealTree:prePrune └── util-deprecate@1.0.2
102 silly loadIdealTree Finishing
103 silly currentTree accumulate@0.0.1
103 silly currentTree ├── buffer-shims@1.0.0
103 silly currentTree ├── core-util-is@1.0.2
103 silly currentTree ├── emit-stream@0.1.2
103 silly currentTree ├── inherits@2.0.1
103 silly currentTree ├── isarray@1.0.0
103 silly currentTree ├── nan@2.4.0
103 silly currentTree ├── process-nextick-args@1.0.7
103 silly currentTree ├── readable-stream@2.1.4
103 silly currentTree ├── stream-array@1.1.2
103 silly currentTree ├── streaming-worker-sdk@0.9.0
103 silly currentTree ├── streaming-worker@1.0.0
103 silly currentTree ├── string_decoder@0.10.31
103 silly currentTree ├── through@2.3.8
103 silly currentTree └── util-deprecate@1.0.2
104 silly idealTree accumulate@0.0.1
104 silly idealTree ├── buffer-shims@1.0.0
104 silly idealTree ├── core-util-is@1.0.2
104 silly idealTree ├── emit-stream@0.1.2
104 silly idealTree ├── inherits@2.0.1
104 silly idealTree ├── isarray@1.0.0
104 silly idealTree ├── jsonparse@1.2.0
104 silly idealTree ├── JSONStream@1.1.3
104 silly idealTree ├── nan@2.4.0
104 silly idealTree ├── process-nextick-args@1.0.7
104 silly idealTree ├── readable-stream@2.1.4
104 silly idealTree ├── stream-array@1.1.2
104 silly idealTree ├── streaming-worker-sdk@0.9.0
104 silly idealTree ├── streaming-worker@1.0.0
104 silly idealTree ├── string_decoder@0.10.31
104 silly idealTree ├── through@2.3.8
104 silly idealTree └── util-deprecate@1.0.2
105 silly generateActionsToTake Starting
106 silly install generateActionsToTake
107 silly generateActionsToTake Finishing
108 silly diffTrees action count 2
109 silly diffTrees add jsonparse@1.2.0
110 silly diffTrees add JSONStream@1.1.3
111 silly decomposeActions action count 16
112 silly decomposeActions fetch jsonparse@1.2.0
113 silly decomposeActions extract jsonparse@1.2.0
114 silly decomposeActions test jsonparse@1.2.0
115 silly decomposeActions preinstall jsonparse@1.2.0
116 silly decomposeActions build jsonparse@1.2.0
117 silly decomposeActions install jsonparse@1.2.0
118 silly decomposeActions postinstall jsonparse@1.2.0
119 silly decomposeActions finalize jsonparse@1.2.0
120 silly decomposeActions fetch JSONStream@1.1.3
121 silly decomposeActions extract JSONStream@1.1.3
122 silly decomposeActions test JSONStream@1.1.3
123 silly decomposeActions preinstall JSONStream@1.1.3
124 silly decomposeActions build JSONStream@1.1.3
125 silly decomposeActions install JSONStream@1.1.3
126 silly decomposeActions postinstall JSONStream@1.1.3
127 silly decomposeActions finalize JSONStream@1.1.3
128 silly executeActions Starting
129 silly install executeActions
130 silly doSerial global-install 0
131 silly doParallel fetch 2
132 verbose correctMkdir /home/vagrant/.npm/_locks correctMkdir not in flight; initializing
133 verbose lock using /home/vagrant/.npm/_locks/staging-354e5c7adb80891a.lock for /vagrant/dev/projects/streaming-worker/examples/accumulate/node_modules/.staging
134 silly doParallel extract 2
135 silly extract jsonparse@1.2.0
136 silly extract JSONStream@1.1.3
137 verbose unbuild node_modules/.staging/jsonparse-dc9b1615
138 verbose unbuild node_modules/.staging/JSONStream-54ce98c7
139 silly gentlyRm /vagrant/dev/projects/streaming-worker/examples/accumulate/node_modules/.staging/jsonparse-dc9b1615 is being purged from base /vagrant/dev/projects/streaming-worker/examples/accumulate
140 verbose gentlyRm don't care about contents; nuking /vagrant/dev/projects/streaming-worker/examples/accumulate/node_modules/.staging/jsonparse-dc9b1615
141 silly gentlyRm /vagrant/dev/projects/streaming-worker/examples/accumulate/node_modules/.staging/JSONStream-54ce98c7 is being purged from base /vagrant/dev/projects/streaming-worker/examples/accumulate
142 verbose gentlyRm don't care about contents; nuking /vagrant/dev/projects/streaming-worker/examples/accumulate/node_modules/.staging/JSONStream-54ce98c7
143 verbose tar unpack /home/vagrant/.npm/jsonparse/1.2.0/package.tgz
144 verbose tar unpacking to /vagrant/dev/projects/streaming-worker/examples/accumulate/node_modules/.staging/jsonparse-dc9b1615
145 silly gentlyRm /vagrant/dev/projects/streaming-worker/examples/accumulate/node_modules/.staging/jsonparse-dc9b1615 is being purged
146 verbose gentlyRm don't care about contents; nuking /vagrant/dev/projects/streaming-worker/examples/accumulate/node_modules/.staging/jsonparse-dc9b1615
147 verbose tar unpack /home/vagrant/.npm/JSONStream/1.1.3/package.tgz
148 verbose tar unpacking to /vagrant/dev/projects/streaming-worker/examples/accumulate/node_modules/.staging/JSONStream-54ce98c7
149 silly gentlyRm /vagrant/dev/projects/streaming-worker/examples/accumulate/node_modules/.staging/JSONStream-54ce98c7 is being purged
150 verbose gentlyRm don't care about contents; nuking /vagrant/dev/projects/streaming-worker/examples/accumulate/node_modules/.staging/JSONStream-54ce98c7
151 silly gunzTarPerm modes [ '775', '664' ]
152 silly gunzTarPerm modes [ '775', '664' ]
153 silly gunzTarPerm extractEntry package.json
154 silly gunzTarPerm modified mode [ 'package.json', 420, 436 ]
155 silly gunzTarPerm extractEntry package.json
156 silly gunzTarPerm modified mode [ 'package.json', 420, 436 ]
157 silly gunzTarPerm extractEntry .npmignore
158 silly gunzTarPerm modified mode [ '.npmignore', 420, 436 ]
159 silly gunzTarPerm extractEntry index.js
160 silly gunzTarPerm modified mode [ 'index.js', 493, 509 ]
161 silly gunzTarPerm extractEntry .npmignore
162 silly gunzTarPerm modified mode [ '.npmignore', 420, 436 ]
163 silly gunzTarPerm extractEntry LICENSE
164 silly gunzTarPerm modified mode [ 'LICENSE', 420, 436 ]
165 silly gunzTarPerm extractEntry bench.js
166 silly gunzTarPerm modified mode [ 'bench.js', 420, 436 ]
167 silly gunzTarPerm extractEntry jsonparse.js
168 silly gunzTarPerm modified mode [ 'jsonparse.js', 420, 436 ]
169 silly gunzTarPerm extractEntry examples/all_docs.js
170 silly gunzTarPerm modified mode [ 'examples/all_docs.js', 420, 436 ]
171 silly gunzTarPerm extractEntry LICENSE.MIT
172 silly gunzTarPerm modified mode [ 'LICENSE.MIT', 420, 436 ]
173 silly gunzTarPerm extractEntry README.markdown
174 silly gunzTarPerm modified mode [ 'README.markdown', 420, 436 ]
175 silly gunzTarPerm extractEntry .travis.yml
176 silly gunzTarPerm modified mode [ '.travis.yml', 420, 436 ]
177 silly gunzTarPerm extractEntry readme.markdown
178 silly gunzTarPerm modified mode [ 'readme.markdown', 420, 436 ]
179 silly gunzTarPerm extractEntry examples/twitterfeed.js
180 silly gunzTarPerm modified mode [ 'examples/twitterfeed.js', 420, 436 ]
181 silly gunzTarPerm extractEntry samplejson/basic.json
182 silly gunzTarPerm modified mode [ 'samplejson/basic.json', 420, 436 ]
183 silly gunzTarPerm extractEntry LICENSE.APACHE2
184 silly gunzTarPerm modified mode [ 'LICENSE.APACHE2', 420, 436 ]
185 silly gunzTarPerm extractEntry samplejson/basic2.json
186 silly gunzTarPerm modified mode [ 'samplejson/basic2.json', 420, 436 ]
187 silly gunzTarPerm extractEntry test/boundary.js
188 silly gunzTarPerm modified mode [ 'test/boundary.js', 420, 436 ]
189 silly gunzTarPerm extractEntry test/bool.js
190 silly gunzTarPerm modified mode [ 'test/bool.js', 420, 436 ]
191 silly gunzTarPerm extractEntry test/test.js
192 silly gunzTarPerm modified mode [ 'test/test.js', 420, 436 ]
193 silly gunzTarPerm extractEntry test/offset.js
194 silly gunzTarPerm modified mode [ 'test/offset.js', 420, 436 ]
195 silly gunzTarPerm extractEntry test/primitives.js
196 silly gunzTarPerm modified mode [ 'test/primitives.js', 420, 436 ]
197 silly gunzTarPerm extractEntry test/fn.js
198 silly gunzTarPerm modified mode [ 'test/fn.js', 420, 436 ]
199 silly gunzTarPerm extractEntry test/gen.js
200 silly gunzTarPerm modified mode [ 'test/gen.js', 420, 436 ]
201 silly gunzTarPerm extractEntry test/unvalid.js
202 silly gunzTarPerm modified mode [ 'test/unvalid.js', 420, 436 ]
203 silly gunzTarPerm extractEntry test/utf8.js
204 silly gunzTarPerm modified mode [ 'test/utf8.js', 420, 436 ]
205 silly gunzTarPerm extractEntry test/issues.js
206 silly gunzTarPerm modified mode [ 'test/issues.js', 420, 436 ]
207 silly gunzTarPerm extractEntry test/empty.js
208 silly gunzTarPerm modified mode [ 'test/empty.js', 420, 436 ]
209 silly gunzTarPerm extractEntry test/browser.js
210 silly gunzTarPerm modified mode [ 'test/browser.js', 420, 436 ]
211 silly gunzTarPerm extractEntry test/multiple_objects.js
212 silly gunzTarPerm modified mode [ 'test/multiple_objects.js', 420, 436 ]
213 silly gunzTarPerm extractEntry test/multiple_objects_error.js
214 silly gunzTarPerm modified mode [ 'test/multiple_objects_error.js', 420, 436 ]
215 silly gunzTarPerm extractEntry test/null.js
216 silly gunzTarPerm modified mode [ 'test/null.js', 420, 436 ]
217 silly gunzTarPerm extractEntry test/parsejson.js
218 silly gunzTarPerm modified mode [ 'test/parsejson.js', 420, 436 ]
219 silly gunzTarPerm extractEntry test/test2.js
220 silly gunzTarPerm modified mode [ 'test/test2.js', 420, 436 ]
221 silly gunzTarPerm extractEntry test/stringify.js
222 silly gunzTarPerm modified mode [ 'test/stringify.js', 420, 436 ]
223 silly gunzTarPerm extractEntry test/destroy_missing.js
224 silly gunzTarPerm modified mode [ 'test/destroy_missing.js', 420, 436 ]
225 silly gunzTarPerm extractEntry test/stringify_object.js
226 silly gunzTarPerm modified mode [ 'test/stringify_object.js', 420, 436 ]
227 silly gunzTarPerm extractEntry test/keys.js
228 silly gunzTarPerm modified mode [ 'test/keys.js', 420, 436 ]
229 silly gunzTarPerm extractEntry test/two-ways.js
230 silly gunzTarPerm modified mode [ 'test/two-ways.js', 420, 436 ]
231 silly gunzTarPerm extractEntry test/map.js
232 silly gunzTarPerm modified mode [ 'test/map.js', 420, 436 ]
233 silly gunzTarPerm extractEntry test/fixtures/all_npm.json
234 silly gunzTarPerm modified mode [ 'test/fixtures/all_npm.json', 420, 436 ]
235 silly gunzTarPerm extractEntry test/fixtures/couch_sample.json
236 silly gunzTarPerm modified mode [ 'test/fixtures/couch_sample.json', 420, 436 ]
237 silly gunzTarPerm extractEntry test/fixtures/depth.json
238 silly gunzTarPerm modified mode [ 'test/fixtures/depth.json', 420, 436 ]
239 silly gunzTarPerm extractEntry test/disabled/doubledot1.js
240 silly gunzTarPerm modified mode [ 'test/disabled/doubledot1.js', 420, 436 ]
241 silly gunzTarPerm extractEntry test/disabled/doubledot2.js
242 silly gunzTarPerm modified mode [ 'test/disabled/doubledot2.js', 420, 436 ]
243 silly gentlyRm /vagrant/dev/projects/streaming-worker/examples/accumulate/node_modules/.staging/jsonparse-dc9b1615/node_modules is being purged
244 verbose gentlyRm don't care about contents; nuking /vagrant/dev/projects/streaming-worker/examples/accumulate/node_modules/.staging/jsonparse-dc9b1615/node_modules
245 silly gentlyRm /vagrant/dev/projects/streaming-worker/examples/accumulate/node_modules/.staging/JSONStream-54ce98c7/node_modules is being purged
246 verbose gentlyRm don't care about contents; nuking /vagrant/dev/projects/streaming-worker/examples/accumulate/node_modules/.staging/JSONStream-54ce98c7/node_modules
247 silly doParallel preinstall 2
248 silly preinstall jsonparse@1.2.0 /vagrant/dev/projects/streaming-worker/examples/accumulate/node_modules/.staging/jsonparse-dc9b1615
249 info lifecycle jsonparse@1.2.0~preinstall: jsonparse@1.2.0
250 silly preinstall JSONStream@1.1.3 /vagrant/dev/projects/streaming-worker/examples/accumulate/node_modules/.staging/JSONStream-54ce98c7
251 info lifecycle JSONStream@1.1.3~preinstall: JSONStream@1.1.3
252 silly lifecycle jsonparse@1.2.0~preinstall: no script for preinstall, continuing
253 silly lifecycle JSONStream@1.1.3~preinstall: no script for preinstall, continuing
254 silly doReverseSerial remove 0
255 silly doSerial move 0
256 silly doSerial finalize 2
257 silly finalize /vagrant/dev/projects/streaming-worker/examples/accumulate/node_modules/jsonparse
258 silly finalize /vagrant/dev/projects/streaming-worker/examples/accumulate/node_modules/JSONStream
259 silly doSerial build 2
260 silly build jsonparse@1.2.0
261 info linkStuff jsonparse@1.2.0
262 silly linkStuff jsonparse@1.2.0 has /vagrant/dev/projects/streaming-worker/examples/accumulate/node_modules as its parent node_modules
263 verbose linkBins jsonparse@1.2.0
264 verbose linkMans jsonparse@1.2.0
265 silly build JSONStream@1.1.3
266 info linkStuff JSONStream@1.1.3
267 silly linkStuff JSONStream@1.1.3 has /vagrant/dev/projects/streaming-worker/examples/accumulate/node_modules as its parent node_modules
268 verbose linkBins JSONStream@1.1.3
269 verbose link bins [ { JSONStream: './index.js' },
269 verbose link bins   '/vagrant/dev/projects/streaming-worker/examples/accumulate/node_modules/.bin',
269 verbose link bins   false ]
270 verbose linkMans JSONStream@1.1.3
271 silly gentlyRm /vagrant/dev/projects/streaming-worker/examples/accumulate/node_modules/.bin/JSONStream is being purged
272 verbose gentlyRm don't care about contents; nuking /vagrant/dev/projects/streaming-worker/examples/accumulate/node_modules/.bin/JSONStream
273 verbose unlock done using /home/vagrant/.npm/_locks/staging-354e5c7adb80891a.lock for /vagrant/dev/projects/streaming-worker/examples/accumulate/node_modules/.staging
274 silly rollbackFailedOptional Starting
275 silly rollbackFailedOptional Finishing
276 silly runTopLevelLifecycles Starting
277 silly runTopLevelLifecycles Finishing
278 silly install printInstalled
279 verbose stack Error: EPROTO: protocol error, symlink '../JSONStream/index.js' -> '/vagrant/dev/projects/streaming-worker/examples/accumulate/node_modules/.bin/JSONStream'
279 verbose stack     at Error (native)
280 verbose cwd /vagrant/dev/projects/streaming-worker/examples/accumulate
281 error Linux 3.13.0-74-generic
282 error argv "/home/vagrant/.nvm/v6.0.0/bin/node" "/home/vagrant/.nvm/v6.0.0/bin/npm" "install"
283 error node v6.0.0
284 error npm  v3.8.6
285 error path ../JSONStream/index.js
286 error code EPROTO
287 error errno -71
288 error syscall symlink
289 error EPROTO: protocol error, symlink '../JSONStream/index.js' -> '/vagrant/dev/projects/streaming-worker/examples/accumulate/node_modules/.bin/JSONStream'
290 error If you need help, you may report this error at:
290 error     <https://github.com/npm/npm/issues>
291 verbose exit [ -71, true ]
